<?xml version="1.0" encoding="UTF-8"?>
<testng-results ignored="0" total="1" passed="1" failed="0" skipped="0">
  <reporter-output>
  </reporter-output>
  <suite started-at="2025-06-26T07:37:59 IST" name="Selenium POM Suite" finished-at="2025-06-26T07:38:11 IST" duration-ms="11850">
    <groups>
    </groups>
    <test started-at="2025-06-26T07:37:59 IST" name="Login Test" finished-at="2025-06-26T07:38:11 IST" duration-ms="11850">
      <class name="tests.LoginTest">
        <test-method is-config="true" signature="setupClass()[pri:0, instance:tests.LoginTest@27f981c6]" started-at="2025-06-26T07:37:59 IST" name="setupClass" finished-at="2025-06-26T07:38:03 IST" duration-ms="3466" status="PASS">
          <reporter-output>
          </reporter-output>
        </test-method> <!-- setupClass -->
        <test-method is-config="true" signature="setupTest()[pri:0, instance:tests.LoginTest@27f981c6]" started-at="2025-06-26T07:38:03 IST" name="setupTest" finished-at="2025-06-26T07:38:10 IST" duration-ms="6992" status="PASS">
          <reporter-output>
          </reporter-output>
        </test-method> <!-- setupTest -->
        <test-method signature="testLoginSuccess()[pri:0, instance:tests.LoginTest@27f981c6]" started-at="2025-06-26T07:38:10 IST" name="testLoginSuccess" finished-at="2025-06-26T07:38:11 IST" duration-ms="1023" status="PASS">
          <reporter-output>
          </reporter-output>
        </test-method> <!-- testLoginSuccess -->
        <test-method is-config="true" signature="teardown()[pri:0, instance:tests.LoginTest@27f981c6]" started-at="2025-06-26T07:38:11 IST" name="teardown" finished-at="2025-06-26T07:38:11 IST" duration-ms="321" status="PASS">
          <reporter-output>
          </reporter-output>
        </test-method> <!-- teardown -->
      </class> <!-- tests.LoginTest -->
    </test> <!-- Login Test -->
  </suite> <!-- Selenium POM Suite -->
</testng-results>
